[INFO ] 2023-05-08T05:44:37,532 [restartedMain] Starter - Starting Starter on LAPTOP-IMNRM4BG with PID 4256 (started by Siva S in C:\Users\Siva S\Corda R3\auction-cordapp\client)
[INFO ] 2023-05-08T05:44:37,561 [restartedMain] Starter - No active profile set, falling back to default profiles: default
[INFO ] 2023-05-08T05:44:37,689 [restartedMain] AnnotationConfigServletWebServerApplicationContext - Refreshing org.springframework.boot.web.servlet.context.AnnotationConfigServletWebServerApplicationContext@23c10826: startup date [Mon May 08 11:14:37 IST 2023]; root of context hierarchy
[INFO ] 2023-05-08T05:44:40,757 [restartedMain] TomcatWebServer - Tomcat initialized with port(s): 8085 (http)
[INFO ] 2023-05-08T05:44:40,783 [restartedMain] Http11NioProtocol - Initializing ProtocolHandler ["http-nio-8085"]
[INFO ] 2023-05-08T05:44:40,803 [restartedMain] StandardService - Starting service [Tomcat]
[INFO ] 2023-05-08T05:44:40,803 [restartedMain] StandardEngine - Starting Servlet Engine: Apache Tomcat/8.5.31
[INFO ] 2023-05-08T05:44:40,819 [localhost-startStop-1] AprLifecycleListener - The APR based Apache Tomcat Native library which allows optimal performance in production environments was not found on the java.library.path: [C:\Program Files\Java\jdk-1.8\bin;C:\Windows\Sun\Java\bin;C:\Windows\system32;C:\Windows;C:\Program Files (x86)\Common Files\Oracle\Java\javapath;C:\Windows\system32;C:\Windows;C:\Windows\System32\Wbem;C:\Windows\System32\WindowsPowerShell\v1.0\;C:\Program Files (x86)\Common Files\lenovo\easyplussdk\bin;C:\Program Files (x86)\ATI Technologies\ATI.ACE\Core-Static;C:\Program Files\Intel\WiFi\bin\;C:\Program Files\Common Files\Intel\WirelessCommon\;C:\Windows\System32\OpenSSH\;C:\Users\Siva S\AppData\Local\Programs\Python\Python39\Scripts;C:\Program Files\Git\cmd;C:\Program Files\nodejs\;C:\Users\Siva S\AppData\Local\Microsoft\WindowsApps;;C:\Program Files\JetBrains\PyCharm Community Edition 2020.1.1\bin;;C:\Users\Siva S\AppData\Local\Programs\Microsoft VS Code\bin;C:\Users\Siva S\AppData\Roaming\npm;C:\Program Files\JetBrains\IntelliJ IDEA Community Edition 2023.1\bin;;.]
[INFO ] 2023-05-08T05:44:41,062 [localhost-startStop-1] [/] - Initializing Spring embedded WebApplicationContext
[INFO ] 2023-05-08T05:44:41,063 [localhost-startStop-1] ContextLoader - Root WebApplicationContext: initialization completed in 3379 ms
[INFO ] 2023-05-08T05:44:41,356 [localhost-startStop-1] ServletRegistrationBean - Servlet dispatcherServlet mapped to [/]
[INFO ] 2023-05-08T05:44:41,363 [localhost-startStop-1] FilterRegistrationBean - Mapping filter: 'characterEncodingFilter' to: [/*]
[INFO ] 2023-05-08T05:44:41,364 [localhost-startStop-1] FilterRegistrationBean - Mapping filter: 'hiddenHttpMethodFilter' to: [/*]
[INFO ] 2023-05-08T05:44:41,364 [localhost-startStop-1] FilterRegistrationBean - Mapping filter: 'httpPutFormContentFilter' to: [/*]
[INFO ] 2023-05-08T05:44:41,365 [localhost-startStop-1] FilterRegistrationBean - Mapping filter: 'requestContextFilter' to: [/*]
[INFO ] 2023-05-08T05:44:49,401 [restartedMain] RPCClient - Startup took 2132 msec
[INFO ] 2023-05-08T05:44:49,592 [restartedMain] RPCClient - Startup took 174 msec
[INFO ] 2023-05-08T05:44:49,749 [restartedMain] RPCClient - Startup took 153 msec
[INFO ] 2023-05-08T05:44:49,950 [restartedMain] SimpleUrlHandlerMapping - Mapped URL path [/**/favicon.ico] onto handler of type [class org.springframework.web.servlet.resource.ResourceHttpRequestHandler]
[INFO ] 2023-05-08T05:44:50,182 [restartedMain] RequestMappingHandlerAdapter - Looking for @ControllerAdvice: org.springframework.boot.web.servlet.context.AnnotationConfigServletWebServerApplicationContext@23c10826: startup date [Mon May 08 11:14:37 IST 2023]; root of context hierarchy
[INFO ] 2023-05-08T05:44:50,340 [restartedMain] RequestMappingHandlerMapping - Mapped "{[/api/auction/create],methods=[POST]}" onto public net.corda.samples.auction.client.APIResponse<java.lang.Void> net.corda.samples.auction.client.Controller.createAuction(net.corda.samples.auction.client.Forms$CreateAuctionForm)
[INFO ] 2023-05-08T05:44:50,341 [restartedMain] RequestMappingHandlerMapping - Mapped "{[/api/auction/payAndSettle],methods=[POST]}" onto public net.corda.samples.auction.client.APIResponse<java.lang.Void> net.corda.samples.auction.client.Controller.payAndSettle(net.corda.samples.auction.client.Forms$SettlementForm)
[INFO ] 2023-05-08T05:44:50,342 [restartedMain] RequestMappingHandlerMapping - Mapped "{[/api/auction/switch-party/{party}],methods=[POST]}" onto public net.corda.samples.auction.client.APIResponse<java.lang.Long> net.corda.samples.auction.client.Controller.switchParty(java.lang.String)
[INFO ] 2023-05-08T05:44:50,343 [restartedMain] RequestMappingHandlerMapping - Mapped "{[/api/auction/createIou],methods=[POST]}" onto public net.corda.samples.auction.client.APIResponse<java.lang.Void> net.corda.samples.auction.client.Controller.createIou(net.corda.samples.auction.client.Forms$SettlementForm)
[INFO ] 2023-05-08T05:44:50,344 [restartedMain] RequestMappingHandlerMapping - Mapped "{[/api/auction/asset/list],methods=[GET]}" onto public net.corda.samples.auction.client.APIResponse<java.util.List<net.corda.core.contracts.StateAndRef<net.corda.samples.auction.states.Asset>>> net.corda.samples.auction.client.Controller.getAssetList()
[INFO ] 2023-05-08T05:44:50,345 [restartedMain] RequestMappingHandlerMapping - Mapped "{[/api/auction/getCashBalance],methods=[GET]}" onto public net.corda.samples.auction.client.APIResponse<java.lang.Long> net.corda.samples.auction.client.Controller.getCashBalance()
[INFO ] 2023-05-08T05:44:50,346 [restartedMain] RequestMappingHandlerMapping - Mapped "{[/api/auction/setup],methods=[POST]}" onto public net.corda.samples.auction.client.APIResponse<java.lang.Void> net.corda.samples.auction.client.Controller.setupDemoData()
[INFO ] 2023-05-08T05:44:50,347 [restartedMain] RequestMappingHandlerMapping - Mapped "{[/api/auction/placeBid],methods=[POST]}" onto public net.corda.samples.auction.client.APIResponse<java.lang.Void> net.corda.samples.auction.client.Controller.placeBid(net.corda.samples.auction.client.Forms$BidForm)
[INFO ] 2023-05-08T05:44:50,350 [restartedMain] RequestMappingHandlerMapping - Mapped "{[/api/auction/issueCash],methods=[POST]}" onto public net.corda.samples.auction.client.APIResponse<java.lang.Void> net.corda.samples.auction.client.Controller.issueCash(net.corda.samples.auction.client.Forms$IssueCashForm)
[INFO ] 2023-05-08T05:44:50,351 [restartedMain] RequestMappingHandlerMapping - Mapped "{[/api/auction/asset/create],methods=[POST]}" onto public net.corda.samples.auction.client.APIResponse<java.lang.Void> net.corda.samples.auction.client.Controller.createAsset(net.corda.samples.auction.client.Forms$AssetForm)
[INFO ] 2023-05-08T05:44:50,353 [restartedMain] RequestMappingHandlerMapping - Mapped "{[/api/auction/delete/{auctionId}],methods=[POST]}" onto public net.corda.samples.auction.client.APIResponse<java.lang.Void> net.corda.samples.auction.client.Controller.deleteAuction(java.lang.String)
[INFO ] 2023-05-08T05:44:50,355 [restartedMain] RequestMappingHandlerMapping - Mapped "{[/api/auction/list],methods=[GET]}" onto public net.corda.samples.auction.client.APIResponse<java.util.List<net.corda.core.contracts.StateAndRef<net.corda.samples.auction.states.AuctionState>>> net.corda.samples.auction.client.Controller.getAuctionList()
[INFO ] 2023-05-08T05:44:50,380 [restartedMain] RequestMappingHandlerMapping - Mapped "{[/error],produces=[text/html]}" onto public org.springframework.web.servlet.ModelAndView org.springframework.boot.autoconfigure.web.servlet.error.BasicErrorController.errorHtml(javax.servlet.http.HttpServletRequest,javax.servlet.http.HttpServletResponse)
[INFO ] 2023-05-08T05:44:50,381 [restartedMain] RequestMappingHandlerMapping - Mapped "{[/error]}" onto public org.springframework.http.ResponseEntity<java.util.Map<java.lang.String, java.lang.Object>> org.springframework.boot.autoconfigure.web.servlet.error.BasicErrorController.error(javax.servlet.http.HttpServletRequest)
[INFO ] 2023-05-08T05:44:50,428 [restartedMain] SimpleUrlHandlerMapping - Mapped URL path [/webjars/**] onto handler of type [class org.springframework.web.servlet.resource.ResourceHttpRequestHandler]
[INFO ] 2023-05-08T05:44:50,428 [restartedMain] SimpleUrlHandlerMapping - Mapped URL path [/**] onto handler of type [class org.springframework.web.servlet.resource.ResourceHttpRequestHandler]
[INFO ] 2023-05-08T05:44:50,544 [restartedMain] WelcomePageHandlerMapping - Adding welcome page: class path resource [public/index.html]
[INFO ] 2023-05-08T05:44:50,938 [restartedMain] OptionalLiveReloadServer - LiveReload server is running on port 35729
[INFO ] 2023-05-08T05:44:50,995 [restartedMain] AnnotationMBeanExporter - Registering beans for JMX exposure on startup
[INFO ] 2023-05-08T05:44:51,018 [restartedMain] Http11NioProtocol - Starting ProtocolHandler ["http-nio-8085"]
[INFO ] 2023-05-08T05:44:51,020 [restartedMain] NioSelectorPool - Using a shared selector for servlet write/read
[INFO ] 2023-05-08T05:44:51,050 [restartedMain] TomcatWebServer - Tomcat started on port(s): 8085 (http) with context path ''
[INFO ] 2023-05-08T05:44:51,059 [restartedMain] Starter - Started Starter in 14.997 seconds (JVM running for 17.02)
[INFO ] 2023-05-08T05:52:44,768 [http-nio-8085-exec-1] [/] - Initializing Spring FrameworkServlet 'dispatcherServlet'
[INFO ] 2023-05-08T05:52:44,769 [http-nio-8085-exec-1] DispatcherServlet - FrameworkServlet 'dispatcherServlet': initialization started
[INFO ] 2023-05-08T05:52:44,836 [http-nio-8085-exec-1] DispatcherServlet - FrameworkServlet 'dispatcherServlet': initialization completed in 67 ms
[INFO ] 2023-05-08T06:08:59,326 [restartedMain] Starter - Starting Starter on LAPTOP-IMNRM4BG with PID 15068 (started by Siva S in C:\Users\Siva S\Corda R3\auction-cordapp\client)
[INFO ] 2023-05-08T06:08:59,341 [restartedMain] Starter - No active profile set, falling back to default profiles: default
[INFO ] 2023-05-08T06:08:59,489 [restartedMain] AnnotationConfigServletWebServerApplicationContext - Refreshing org.springframework.boot.web.servlet.context.AnnotationConfigServletWebServerApplicationContext@57e8bde8: startup date [Mon May 08 11:38:59 IST 2023]; root of context hierarchy
[INFO ] 2023-05-08T06:09:02,549 [restartedMain] TomcatWebServer - Tomcat initialized with port(s): 8085 (http)
[INFO ] 2023-05-08T06:09:02,572 [restartedMain] Http11NioProtocol - Initializing ProtocolHandler ["http-nio-8085"]
[INFO ] 2023-05-08T06:09:02,594 [restartedMain] StandardService - Starting service [Tomcat]
[INFO ] 2023-05-08T06:09:02,595 [restartedMain] StandardEngine - Starting Servlet Engine: Apache Tomcat/8.5.31
[INFO ] 2023-05-08T06:09:02,613 [localhost-startStop-1] AprLifecycleListener - The APR based Apache Tomcat Native library which allows optimal performance in production environments was not found on the java.library.path: [C:\Program Files\Java\jdk-1.8\bin;C:\Windows\Sun\Java\bin;C:\Windows\system32;C:\Windows;C:\Program Files (x86)\Common Files\Oracle\Java\javapath;C:\Windows\system32;C:\Windows;C:\Windows\System32\Wbem;C:\Windows\System32\WindowsPowerShell\v1.0\;C:\Program Files (x86)\Common Files\lenovo\easyplussdk\bin;C:\Program Files (x86)\ATI Technologies\ATI.ACE\Core-Static;C:\Program Files\Intel\WiFi\bin\;C:\Program Files\Common Files\Intel\WirelessCommon\;C:\Windows\System32\OpenSSH\;C:\Users\Siva S\AppData\Local\Programs\Python\Python39\Scripts;C:\Program Files\Git\cmd;C:\Program Files\nodejs\;C:\Users\Siva S\AppData\Local\Microsoft\WindowsApps;;C:\Program Files\JetBrains\PyCharm Community Edition 2020.1.1\bin;;C:\Users\Siva S\AppData\Local\Programs\Microsoft VS Code\bin;C:\Users\Siva S\AppData\Roaming\npm;C:\Program Files\JetBrains\IntelliJ IDEA Community Edition 2023.1\bin;;.]
[INFO ] 2023-05-08T06:09:02,849 [localhost-startStop-1] [/] - Initializing Spring embedded WebApplicationContext
[INFO ] 2023-05-08T06:09:02,849 [localhost-startStop-1] ContextLoader - Root WebApplicationContext: initialization completed in 3365 ms
[INFO ] 2023-05-08T06:09:03,136 [localhost-startStop-1] ServletRegistrationBean - Servlet dispatcherServlet mapped to [/]
[INFO ] 2023-05-08T06:09:03,142 [localhost-startStop-1] FilterRegistrationBean - Mapping filter: 'characterEncodingFilter' to: [/*]
[INFO ] 2023-05-08T06:09:03,143 [localhost-startStop-1] FilterRegistrationBean - Mapping filter: 'hiddenHttpMethodFilter' to: [/*]
[INFO ] 2023-05-08T06:09:03,143 [localhost-startStop-1] FilterRegistrationBean - Mapping filter: 'httpPutFormContentFilter' to: [/*]
[INFO ] 2023-05-08T06:09:03,143 [localhost-startStop-1] FilterRegistrationBean - Mapping filter: 'requestContextFilter' to: [/*]
[INFO ] 2023-05-08T06:09:11,119 [restartedMain] RPCClient - Startup took 2109 msec
[INFO ] 2023-05-08T06:09:11,279 [restartedMain] RPCClient - Startup took 143 msec
[INFO ] 2023-05-08T06:09:11,440 [restartedMain] RPCClient - Startup took 157 msec
[INFO ] 2023-05-08T06:09:11,630 [restartedMain] SimpleUrlHandlerMapping - Mapped URL path [/**/favicon.ico] onto handler of type [class org.springframework.web.servlet.resource.ResourceHttpRequestHandler]
[INFO ] 2023-05-08T06:09:11,837 [restartedMain] RequestMappingHandlerAdapter - Looking for @ControllerAdvice: org.springframework.boot.web.servlet.context.AnnotationConfigServletWebServerApplicationContext@57e8bde8: startup date [Mon May 08 11:38:59 IST 2023]; root of context hierarchy
[INFO ] 2023-05-08T06:09:11,984 [restartedMain] RequestMappingHandlerMapping - Mapped "{[/api/auction/asset/create],methods=[POST]}" onto public net.corda.samples.auction.client.APIResponse<java.lang.Void> net.corda.samples.auction.client.Controller.createAsset(net.corda.samples.auction.client.Forms$AssetForm)
[INFO ] 2023-05-08T06:09:11,986 [restartedMain] RequestMappingHandlerMapping - Mapped "{[/api/auction/list],methods=[GET]}" onto public net.corda.samples.auction.client.APIResponse<java.util.List<net.corda.core.contracts.StateAndRef<net.corda.samples.auction.states.AuctionState>>> net.corda.samples.auction.client.Controller.getAuctionList()
[INFO ] 2023-05-08T06:09:11,987 [restartedMain] RequestMappingHandlerMapping - Mapped "{[/api/auction/asset/list],methods=[GET]}" onto public net.corda.samples.auction.client.APIResponse<java.util.List<net.corda.core.contracts.StateAndRef<net.corda.samples.auction.states.Asset>>> net.corda.samples.auction.client.Controller.getAssetList()
[INFO ] 2023-05-08T06:09:11,988 [restartedMain] RequestMappingHandlerMapping - Mapped "{[/api/auction/createIou],methods=[POST]}" onto public net.corda.samples.auction.client.APIResponse<java.lang.Void> net.corda.samples.auction.client.Controller.createIou(net.corda.samples.auction.client.Forms$SettlementForm)
[INFO ] 2023-05-08T06:09:11,988 [restartedMain] RequestMappingHandlerMapping - Mapped "{[/api/auction/getCashBalance],methods=[GET]}" onto public net.corda.samples.auction.client.APIResponse<java.lang.Long> net.corda.samples.auction.client.Controller.getCashBalance()
[INFO ] 2023-05-08T06:09:11,989 [restartedMain] RequestMappingHandlerMapping - Mapped "{[/api/auction/setup],methods=[POST]}" onto public net.corda.samples.auction.client.APIResponse<java.lang.Void> net.corda.samples.auction.client.Controller.setupDemoData()
[INFO ] 2023-05-08T06:09:11,990 [restartedMain] RequestMappingHandlerMapping - Mapped "{[/api/auction/switch-party/{party}],methods=[POST]}" onto public net.corda.samples.auction.client.APIResponse<java.lang.Long> net.corda.samples.auction.client.Controller.switchParty(java.lang.String)
[INFO ] 2023-05-08T06:09:11,991 [restartedMain] RequestMappingHandlerMapping - Mapped "{[/api/auction/placeBid],methods=[POST]}" onto public net.corda.samples.auction.client.APIResponse<java.lang.Void> net.corda.samples.auction.client.Controller.placeBid(net.corda.samples.auction.client.Forms$BidForm)
[INFO ] 2023-05-08T06:09:11,992 [restartedMain] RequestMappingHandlerMapping - Mapped "{[/api/auction/issueCash],methods=[POST]}" onto public net.corda.samples.auction.client.APIResponse<java.lang.Void> net.corda.samples.auction.client.Controller.issueCash(net.corda.samples.auction.client.Forms$IssueCashForm)
[INFO ] 2023-05-08T06:09:11,994 [restartedMain] RequestMappingHandlerMapping - Mapped "{[/api/auction/create],methods=[POST]}" onto public net.corda.samples.auction.client.APIResponse<java.lang.Void> net.corda.samples.auction.client.Controller.createAuction(net.corda.samples.auction.client.Forms$CreateAuctionForm)
[INFO ] 2023-05-08T06:09:11,995 [restartedMain] RequestMappingHandlerMapping - Mapped "{[/api/auction/delete/{auctionId}],methods=[POST]}" onto public net.corda.samples.auction.client.APIResponse<java.lang.Void> net.corda.samples.auction.client.Controller.deleteAuction(java.lang.String)
[INFO ] 2023-05-08T06:09:11,996 [restartedMain] RequestMappingHandlerMapping - Mapped "{[/api/auction/payAndSettle],methods=[POST]}" onto public net.corda.samples.auction.client.APIResponse<java.lang.Void> net.corda.samples.auction.client.Controller.payAndSettle(net.corda.samples.auction.client.Forms$SettlementForm)
[INFO ] 2023-05-08T06:09:12,000 [restartedMain] RequestMappingHandlerMapping - Mapped "{[/error]}" onto public org.springframework.http.ResponseEntity<java.util.Map<java.lang.String, java.lang.Object>> org.springframework.boot.autoconfigure.web.servlet.error.BasicErrorController.error(javax.servlet.http.HttpServletRequest)
[INFO ] 2023-05-08T06:09:12,002 [restartedMain] RequestMappingHandlerMapping - Mapped "{[/error],produces=[text/html]}" onto public org.springframework.web.servlet.ModelAndView org.springframework.boot.autoconfigure.web.servlet.error.BasicErrorController.errorHtml(javax.servlet.http.HttpServletRequest,javax.servlet.http.HttpServletResponse)
[INFO ] 2023-05-08T06:09:12,054 [restartedMain] SimpleUrlHandlerMapping - Mapped URL path [/webjars/**] onto handler of type [class org.springframework.web.servlet.resource.ResourceHttpRequestHandler]
[INFO ] 2023-05-08T06:09:12,055 [restartedMain] SimpleUrlHandlerMapping - Mapped URL path [/**] onto handler of type [class org.springframework.web.servlet.resource.ResourceHttpRequestHandler]
[INFO ] 2023-05-08T06:09:12,193 [restartedMain] WelcomePageHandlerMapping - Adding welcome page: class path resource [public/index.html]
[INFO ] 2023-05-08T06:09:12,593 [restartedMain] OptionalLiveReloadServer - LiveReload server is running on port 35729
[INFO ] 2023-05-08T06:09:12,650 [restartedMain] AnnotationMBeanExporter - Registering beans for JMX exposure on startup
[INFO ] 2023-05-08T06:09:12,671 [restartedMain] Http11NioProtocol - Starting ProtocolHandler ["http-nio-8085"]
[INFO ] 2023-05-08T06:09:12,673 [restartedMain] NioSelectorPool - Using a shared selector for servlet write/read
[INFO ] 2023-05-08T06:09:12,710 [restartedMain] TomcatWebServer - Tomcat started on port(s): 8085 (http) with context path ''
[INFO ] 2023-05-08T06:09:12,718 [restartedMain] Starter - Started Starter in 14.97 seconds (JVM running for 16.805)
[INFO ] 2023-05-08T06:09:20,641 [http-nio-8085-exec-1] [/] - Initializing Spring FrameworkServlet 'dispatcherServlet'
[INFO ] 2023-05-08T06:09:20,641 [http-nio-8085-exec-1] DispatcherServlet - FrameworkServlet 'dispatcherServlet': initialization started
[INFO ] 2023-05-08T06:09:20,679 [http-nio-8085-exec-1] DispatcherServlet - FrameworkServlet 'dispatcherServlet': initialization completed in 37 ms
[INFO ] 2023-05-08T09:37:29,583 [restartedMain] Starter - Starting Starter on LAPTOP-IMNRM4BG with PID 11620 (started by Siva S in C:\Users\Siva S\Corda R3\auction-cordapp\client)
[INFO ] 2023-05-08T09:37:29,598 [restartedMain] Starter - No active profile set, falling back to default profiles: default
[INFO ] 2023-05-08T09:37:29,739 [restartedMain] AnnotationConfigServletWebServerApplicationContext - Refreshing org.springframework.boot.web.servlet.context.AnnotationConfigServletWebServerApplicationContext@5d2fde40: startup date [Mon May 08 15:07:29 IST 2023]; root of context hierarchy
[INFO ] 2023-05-08T09:37:33,183 [restartedMain] TomcatWebServer - Tomcat initialized with port(s): 8085 (http)
[INFO ] 2023-05-08T09:37:33,212 [restartedMain] Http11NioProtocol - Initializing ProtocolHandler ["http-nio-8085"]
[INFO ] 2023-05-08T09:37:33,233 [restartedMain] StandardService - Starting service [Tomcat]
[INFO ] 2023-05-08T09:37:33,234 [restartedMain] StandardEngine - Starting Servlet Engine: Apache Tomcat/8.5.31
[INFO ] 2023-05-08T09:37:33,252 [localhost-startStop-1] AprLifecycleListener - The APR based Apache Tomcat Native library which allows optimal performance in production environments was not found on the java.library.path: [C:\Program Files\Java\jdk-1.8\bin;C:\Windows\Sun\Java\bin;C:\Windows\system32;C:\Windows;C:\Program Files (x86)\Common Files\Oracle\Java\javapath;C:\Windows\system32;C:\Windows;C:\Windows\System32\Wbem;C:\Windows\System32\WindowsPowerShell\v1.0\;C:\Program Files (x86)\Common Files\lenovo\easyplussdk\bin;C:\Program Files (x86)\ATI Technologies\ATI.ACE\Core-Static;C:\Program Files\Intel\WiFi\bin\;C:\Program Files\Common Files\Intel\WirelessCommon\;C:\Windows\System32\OpenSSH\;C:\Users\Siva S\AppData\Local\Programs\Python\Python39\Scripts;C:\Program Files\Git\cmd;C:\Program Files\nodejs\;C:\Users\Siva S\AppData\Local\Microsoft\WindowsApps;;C:\Program Files\JetBrains\PyCharm Community Edition 2020.1.1\bin;;C:\Users\Siva S\AppData\Local\Programs\Microsoft VS Code\bin;C:\Users\Siva S\AppData\Roaming\npm;C:\Program Files\JetBrains\IntelliJ IDEA Community Edition 2023.1\bin;;.]
[INFO ] 2023-05-08T09:37:33,502 [localhost-startStop-1] [/] - Initializing Spring embedded WebApplicationContext
[INFO ] 2023-05-08T09:37:33,503 [localhost-startStop-1] ContextLoader - Root WebApplicationContext: initialization completed in 3768 ms
[INFO ] 2023-05-08T09:37:33,777 [localhost-startStop-1] ServletRegistrationBean - Servlet dispatcherServlet mapped to [/]
[INFO ] 2023-05-08T09:37:33,784 [localhost-startStop-1] FilterRegistrationBean - Mapping filter: 'characterEncodingFilter' to: [/*]
[INFO ] 2023-05-08T09:37:33,784 [localhost-startStop-1] FilterRegistrationBean - Mapping filter: 'hiddenHttpMethodFilter' to: [/*]
[INFO ] 2023-05-08T09:37:33,785 [localhost-startStop-1] FilterRegistrationBean - Mapping filter: 'httpPutFormContentFilter' to: [/*]
[INFO ] 2023-05-08T09:37:33,785 [localhost-startStop-1] FilterRegistrationBean - Mapping filter: 'requestContextFilter' to: [/*]
[INFO ] 2023-05-08T09:37:41,982 [restartedMain] RPCClient - Startup took 2096 msec
[INFO ] 2023-05-08T09:37:42,160 [restartedMain] RPCClient - Startup took 161 msec
[INFO ] 2023-05-08T09:37:42,323 [restartedMain] RPCClient - Startup took 157 msec
[INFO ] 2023-05-08T09:37:42,502 [restartedMain] SimpleUrlHandlerMapping - Mapped URL path [/**/favicon.ico] onto handler of type [class org.springframework.web.servlet.resource.ResourceHttpRequestHandler]
[INFO ] 2023-05-08T09:37:42,705 [restartedMain] RequestMappingHandlerAdapter - Looking for @ControllerAdvice: org.springframework.boot.web.servlet.context.AnnotationConfigServletWebServerApplicationContext@5d2fde40: startup date [Mon May 08 15:07:29 IST 2023]; root of context hierarchy
[INFO ] 2023-05-08T09:37:42,855 [restartedMain] RequestMappingHandlerMapping - Mapped "{[/api/auction/issueCash],methods=[POST]}" onto public net.corda.samples.auction.client.APIResponse<java.lang.Void> net.corda.samples.auction.client.Controller.issueCash(net.corda.samples.auction.client.Forms$IssueCashForm)
[INFO ] 2023-05-08T09:37:42,857 [restartedMain] RequestMappingHandlerMapping - Mapped "{[/api/auction/getCashBalance],methods=[GET]}" onto public net.corda.samples.auction.client.APIResponse<java.lang.Long> net.corda.samples.auction.client.Controller.getCashBalance()
[INFO ] 2023-05-08T09:37:42,858 [restartedMain] RequestMappingHandlerMapping - Mapped "{[/api/auction/delete/{auctionId}],methods=[POST]}" onto public net.corda.samples.auction.client.APIResponse<java.lang.Void> net.corda.samples.auction.client.Controller.deleteAuction(java.lang.String)
[INFO ] 2023-05-08T09:37:42,858 [restartedMain] RequestMappingHandlerMapping - Mapped "{[/api/auction/asset/list],methods=[GET]}" onto public net.corda.samples.auction.client.APIResponse<java.util.List<net.corda.core.contracts.StateAndRef<net.corda.samples.auction.states.Asset>>> net.corda.samples.auction.client.Controller.getAssetList()
[INFO ] 2023-05-08T09:37:42,859 [restartedMain] RequestMappingHandlerMapping - Mapped "{[/api/auction/asset/create],methods=[POST]}" onto public net.corda.samples.auction.client.APIResponse<java.lang.Void> net.corda.samples.auction.client.Controller.createAsset(net.corda.samples.auction.client.Forms$AssetForm)
[INFO ] 2023-05-08T09:37:42,860 [restartedMain] RequestMappingHandlerMapping - Mapped "{[/api/auction/payAndSettle],methods=[POST]}" onto public net.corda.samples.auction.client.APIResponse<java.lang.Void> net.corda.samples.auction.client.Controller.payAndSettle(net.corda.samples.auction.client.Forms$SettlementForm)
[INFO ] 2023-05-08T09:37:42,861 [restartedMain] RequestMappingHandlerMapping - Mapped "{[/api/auction/list],methods=[GET]}" onto public net.corda.samples.auction.client.APIResponse<java.util.List<net.corda.core.contracts.StateAndRef<net.corda.samples.auction.states.AuctionState>>> net.corda.samples.auction.client.Controller.getAuctionList()
[INFO ] 2023-05-08T09:37:42,864 [restartedMain] RequestMappingHandlerMapping - Mapped "{[/api/auction/placeBid],methods=[POST]}" onto public net.corda.samples.auction.client.APIResponse<java.lang.Void> net.corda.samples.auction.client.Controller.placeBid(net.corda.samples.auction.client.Forms$BidForm)
[INFO ] 2023-05-08T09:37:42,867 [restartedMain] RequestMappingHandlerMapping - Mapped "{[/api/auction/createIou],methods=[POST]}" onto public net.corda.samples.auction.client.APIResponse<java.lang.Void> net.corda.samples.auction.client.Controller.createIou(net.corda.samples.auction.client.Forms$SettlementForm)
[INFO ] 2023-05-08T09:37:42,868 [restartedMain] RequestMappingHandlerMapping - Mapped "{[/api/auction/create],methods=[POST]}" onto public net.corda.samples.auction.client.APIResponse<java.lang.Void> net.corda.samples.auction.client.Controller.createAuction(net.corda.samples.auction.client.Forms$CreateAuctionForm)
[INFO ] 2023-05-08T09:37:42,871 [restartedMain] RequestMappingHandlerMapping - Mapped "{[/api/auction/setup],methods=[POST]}" onto public net.corda.samples.auction.client.APIResponse<java.lang.Void> net.corda.samples.auction.client.Controller.setupDemoData()
[INFO ] 2023-05-08T09:37:42,872 [restartedMain] RequestMappingHandlerMapping - Mapped "{[/api/auction/switch-party/{party}],methods=[POST]}" onto public net.corda.samples.auction.client.APIResponse<java.lang.Long> net.corda.samples.auction.client.Controller.switchParty(java.lang.String)
[INFO ] 2023-05-08T09:37:42,897 [restartedMain] RequestMappingHandlerMapping - Mapped "{[/error]}" onto public org.springframework.http.ResponseEntity<java.util.Map<java.lang.String, java.lang.Object>> org.springframework.boot.autoconfigure.web.servlet.error.BasicErrorController.error(javax.servlet.http.HttpServletRequest)
[INFO ] 2023-05-08T09:37:42,899 [restartedMain] RequestMappingHandlerMapping - Mapped "{[/error],produces=[text/html]}" onto public org.springframework.web.servlet.ModelAndView org.springframework.boot.autoconfigure.web.servlet.error.BasicErrorController.errorHtml(javax.servlet.http.HttpServletRequest,javax.servlet.http.HttpServletResponse)
[INFO ] 2023-05-08T09:37:42,960 [restartedMain] SimpleUrlHandlerMapping - Mapped URL path [/webjars/**] onto handler of type [class org.springframework.web.servlet.resource.ResourceHttpRequestHandler]
[INFO ] 2023-05-08T09:37:42,960 [restartedMain] SimpleUrlHandlerMapping - Mapped URL path [/**] onto handler of type [class org.springframework.web.servlet.resource.ResourceHttpRequestHandler]
[INFO ] 2023-05-08T09:37:43,063 [restartedMain] WelcomePageHandlerMapping - Adding welcome page: class path resource [public/index.html]
[INFO ] 2023-05-08T09:37:43,391 [restartedMain] OptionalLiveReloadServer - LiveReload server is running on port 35729
[INFO ] 2023-05-08T09:37:43,451 [restartedMain] AnnotationMBeanExporter - Registering beans for JMX exposure on startup
[INFO ] 2023-05-08T09:37:43,472 [restartedMain] Http11NioProtocol - Starting ProtocolHandler ["http-nio-8085"]
[INFO ] 2023-05-08T09:37:43,474 [restartedMain] NioSelectorPool - Using a shared selector for servlet write/read
[INFO ] 2023-05-08T09:37:43,506 [restartedMain] TomcatWebServer - Tomcat started on port(s): 8085 (http) with context path ''
[INFO ] 2023-05-08T09:37:43,524 [restartedMain] Starter - Started Starter in 15.895 seconds (JVM running for 18.927)
[INFO ] 2023-05-08T15:07:33,040 [restartedMain] Starter - Starting Starter on LAPTOP-IMNRM4BG with PID 11244 (started by Siva S in C:\Users\Siva S\Corda R3\auction-cordapp\client)
[INFO ] 2023-05-08T15:07:33,054 [restartedMain] Starter - No active profile set, falling back to default profiles: default
[INFO ] 2023-05-08T15:07:33,186 [restartedMain] AnnotationConfigServletWebServerApplicationContext - Refreshing org.springframework.boot.web.servlet.context.AnnotationConfigServletWebServerApplicationContext@5b097e7d: startup date [Mon May 08 20:37:33 IST 2023]; root of context hierarchy
[INFO ] 2023-05-08T15:07:36,588 [restartedMain] TomcatWebServer - Tomcat initialized with port(s): 8085 (http)
[INFO ] 2023-05-08T15:07:36,615 [restartedMain] Http11NioProtocol - Initializing ProtocolHandler ["http-nio-8085"]
[INFO ] 2023-05-08T15:07:36,636 [restartedMain] StandardService - Starting service [Tomcat]
[INFO ] 2023-05-08T15:07:36,636 [restartedMain] StandardEngine - Starting Servlet Engine: Apache Tomcat/8.5.31
[INFO ] 2023-05-08T15:07:36,652 [localhost-startStop-1] AprLifecycleListener - The APR based Apache Tomcat Native library which allows optimal performance in production environments was not found on the java.library.path: [C:\Program Files\Java\jdk-1.8\bin;C:\Windows\Sun\Java\bin;C:\Windows\system32;C:\Windows;C:\Program Files (x86)\Common Files\Oracle\Java\javapath;C:\Windows\system32;C:\Windows;C:\Windows\System32\Wbem;C:\Windows\System32\WindowsPowerShell\v1.0\;C:\Program Files (x86)\Common Files\lenovo\easyplussdk\bin;C:\Program Files (x86)\ATI Technologies\ATI.ACE\Core-Static;C:\Program Files\Intel\WiFi\bin\;C:\Program Files\Common Files\Intel\WirelessCommon\;C:\Windows\System32\OpenSSH\;C:\Users\Siva S\AppData\Local\Programs\Python\Python39\Scripts;C:\Program Files\Git\cmd;C:\Program Files\nodejs\;C:\Users\Siva S\AppData\Local\Microsoft\WindowsApps;;C:\Program Files\JetBrains\PyCharm Community Edition 2020.1.1\bin;;C:\Users\Siva S\AppData\Local\Programs\Microsoft VS Code\bin;C:\Users\Siva S\AppData\Roaming\npm;C:\Program Files\JetBrains\IntelliJ IDEA Community Edition 2023.1\bin;;.]
[INFO ] 2023-05-08T15:07:36,947 [localhost-startStop-1] [/] - Initializing Spring embedded WebApplicationContext
[INFO ] 2023-05-08T15:07:36,948 [localhost-startStop-1] ContextLoader - Root WebApplicationContext: initialization completed in 3766 ms
[INFO ] 2023-05-08T15:07:37,224 [localhost-startStop-1] ServletRegistrationBean - Servlet dispatcherServlet mapped to [/]
[INFO ] 2023-05-08T15:07:37,231 [localhost-startStop-1] FilterRegistrationBean - Mapping filter: 'characterEncodingFilter' to: [/*]
[INFO ] 2023-05-08T15:07:37,231 [localhost-startStop-1] FilterRegistrationBean - Mapping filter: 'hiddenHttpMethodFilter' to: [/*]
[INFO ] 2023-05-08T15:07:37,232 [localhost-startStop-1] FilterRegistrationBean - Mapping filter: 'httpPutFormContentFilter' to: [/*]
[INFO ] 2023-05-08T15:07:37,232 [localhost-startStop-1] FilterRegistrationBean - Mapping filter: 'requestContextFilter' to: [/*]
[INFO ] 2023-05-08T15:07:45,497 [restartedMain] RPCClient - Startup took 2121 msec
[INFO ] 2023-05-08T15:07:45,668 [restartedMain] RPCClient - Startup took 152 msec
[INFO ] 2023-05-08T15:07:45,845 [restartedMain] RPCClient - Startup took 173 msec
[INFO ] 2023-05-08T15:07:46,052 [restartedMain] SimpleUrlHandlerMapping - Mapped URL path [/**/favicon.ico] onto handler of type [class org.springframework.web.servlet.resource.ResourceHttpRequestHandler]
[INFO ] 2023-05-08T15:07:46,258 [restartedMain] RequestMappingHandlerAdapter - Looking for @ControllerAdvice: org.springframework.boot.web.servlet.context.AnnotationConfigServletWebServerApplicationContext@5b097e7d: startup date [Mon May 08 20:37:33 IST 2023]; root of context hierarchy
[INFO ] 2023-05-08T15:07:46,398 [restartedMain] RequestMappingHandlerMapping - Mapped "{[/api/auction/getCashBalance],methods=[GET]}" onto public net.corda.samples.auction.client.APIResponse<java.lang.Long> net.corda.samples.auction.client.Controller.getCashBalance()
[INFO ] 2023-05-08T15:07:46,400 [restartedMain] RequestMappingHandlerMapping - Mapped "{[/api/auction/switch-party/{party}],methods=[POST]}" onto public net.corda.samples.auction.client.APIResponse<java.lang.Long> net.corda.samples.auction.client.Controller.switchParty(java.lang.String)
[INFO ] 2023-05-08T15:07:46,401 [restartedMain] RequestMappingHandlerMapping - Mapped "{[/api/auction/placeBid],methods=[POST]}" onto public net.corda.samples.auction.client.APIResponse<java.lang.Void> net.corda.samples.auction.client.Controller.placeBid(net.corda.samples.auction.client.Forms$BidForm)
[INFO ] 2023-05-08T15:07:46,402 [restartedMain] RequestMappingHandlerMapping - Mapped "{[/api/auction/list],methods=[GET]}" onto public net.corda.samples.auction.client.APIResponse<java.util.List<net.corda.core.contracts.StateAndRef<net.corda.samples.auction.states.AuctionState>>> net.corda.samples.auction.client.Controller.getAuctionList()
[INFO ] 2023-05-08T15:07:46,403 [restartedMain] RequestMappingHandlerMapping - Mapped "{[/api/auction/asset/list],methods=[GET]}" onto public net.corda.samples.auction.client.APIResponse<java.util.List<net.corda.core.contracts.StateAndRef<net.corda.samples.auction.states.Asset>>> net.corda.samples.auction.client.Controller.getAssetList()
[INFO ] 2023-05-08T15:07:46,406 [restartedMain] RequestMappingHandlerMapping - Mapped "{[/api/auction/asset/create],methods=[POST]}" onto public net.corda.samples.auction.client.APIResponse<java.lang.Void> net.corda.samples.auction.client.Controller.createAsset(net.corda.samples.auction.client.Forms$AssetForm)
[INFO ] 2023-05-08T15:07:46,407 [restartedMain] RequestMappingHandlerMapping - Mapped "{[/api/auction/createIou],methods=[POST]}" onto public net.corda.samples.auction.client.APIResponse<java.lang.Void> net.corda.samples.auction.client.Controller.createIou(net.corda.samples.auction.client.Forms$SettlementForm)
[INFO ] 2023-05-08T15:07:46,409 [restartedMain] RequestMappingHandlerMapping - Mapped "{[/api/auction/payAndSettle],methods=[POST]}" onto public net.corda.samples.auction.client.APIResponse<java.lang.Void> net.corda.samples.auction.client.Controller.payAndSettle(net.corda.samples.auction.client.Forms$SettlementForm)
[INFO ] 2023-05-08T15:07:46,413 [restartedMain] RequestMappingHandlerMapping - Mapped "{[/api/auction/issueCash],methods=[POST]}" onto public net.corda.samples.auction.client.APIResponse<java.lang.Void> net.corda.samples.auction.client.Controller.issueCash(net.corda.samples.auction.client.Forms$IssueCashForm)
[INFO ] 2023-05-08T15:07:46,415 [restartedMain] RequestMappingHandlerMapping - Mapped "{[/api/auction/delete/{auctionId}],methods=[POST]}" onto public net.corda.samples.auction.client.APIResponse<java.lang.Void> net.corda.samples.auction.client.Controller.deleteAuction(java.lang.String)
[INFO ] 2023-05-08T15:07:46,421 [restartedMain] RequestMappingHandlerMapping - Mapped "{[/api/auction/setup],methods=[POST]}" onto public net.corda.samples.auction.client.APIResponse<java.lang.Void> net.corda.samples.auction.client.Controller.setupDemoData()
[INFO ] 2023-05-08T15:07:46,423 [restartedMain] RequestMappingHandlerMapping - Mapped "{[/api/auction/create],methods=[POST]}" onto public net.corda.samples.auction.client.APIResponse<java.lang.Void> net.corda.samples.auction.client.Controller.createAuction(net.corda.samples.auction.client.Forms$CreateAuctionForm)
[INFO ] 2023-05-08T15:07:46,440 [restartedMain] RequestMappingHandlerMapping - Mapped "{[/error]}" onto public org.springframework.http.ResponseEntity<java.util.Map<java.lang.String, java.lang.Object>> org.springframework.boot.autoconfigure.web.servlet.error.BasicErrorController.error(javax.servlet.http.HttpServletRequest)
[INFO ] 2023-05-08T15:07:46,441 [restartedMain] RequestMappingHandlerMapping - Mapped "{[/error],produces=[text/html]}" onto public org.springframework.web.servlet.ModelAndView org.springframework.boot.autoconfigure.web.servlet.error.BasicErrorController.errorHtml(javax.servlet.http.HttpServletRequest,javax.servlet.http.HttpServletResponse)
[INFO ] 2023-05-08T15:07:46,506 [restartedMain] SimpleUrlHandlerMapping - Mapped URL path [/webjars/**] onto handler of type [class org.springframework.web.servlet.resource.ResourceHttpRequestHandler]
[INFO ] 2023-05-08T15:07:46,507 [restartedMain] SimpleUrlHandlerMapping - Mapped URL path [/**] onto handler of type [class org.springframework.web.servlet.resource.ResourceHttpRequestHandler]
[INFO ] 2023-05-08T15:07:46,611 [restartedMain] WelcomePageHandlerMapping - Adding welcome page: class path resource [public/index.html]
[INFO ] 2023-05-08T15:07:46,977 [restartedMain] OptionalLiveReloadServer - LiveReload server is running on port 35729
[INFO ] 2023-05-08T15:07:47,093 [restartedMain] AnnotationMBeanExporter - Registering beans for JMX exposure on startup
[INFO ] 2023-05-08T15:07:47,112 [restartedMain] Http11NioProtocol - Starting ProtocolHandler ["http-nio-8085"]
[INFO ] 2023-05-08T15:07:47,114 [restartedMain] NioSelectorPool - Using a shared selector for servlet write/read
[INFO ] 2023-05-08T15:07:47,145 [restartedMain] TomcatWebServer - Tomcat started on port(s): 8085 (http) with context path ''
[INFO ] 2023-05-08T15:07:47,152 [restartedMain] Starter - Started Starter in 15.603 seconds (JVM running for 17.617)
[INFO ] 2023-05-08T15:08:22,049 [http-nio-8085-exec-1] [/] - Initializing Spring FrameworkServlet 'dispatcherServlet'
[INFO ] 2023-05-08T15:08:22,050 [http-nio-8085-exec-1] DispatcherServlet - FrameworkServlet 'dispatcherServlet': initialization started
[INFO ] 2023-05-08T15:08:22,101 [http-nio-8085-exec-1] DispatcherServlet - FrameworkServlet 'dispatcherServlet': initialization completed in 51 ms
[WARN ] 2023-05-08T15:19:55,351 [Thread-4 (ActiveMQ-client-factory-threads-323440214)] RPCClientProxyHandler - Terminating observables.
[WARN ] 2023-05-08T15:20:01,548 [Thread-5 (ActiveMQ-client-factory-threads-681442427)] RPCClientProxyHandler - Terminating observables.
[WARN ] 2023-05-08T15:20:04,682 [Thread-2 (ActiveMQ-client-factory-threads-1784268310)] RPCClientProxyHandler - Terminating observables.
